<?xml version="1.0" encoding="UTF-8"?>
<!-- Generated by org.testng.reporters.JUnitReportReporter -->
<testsuite skipped="0" hostname="RaushanLaptop" name="utilities.DateFormatter" tests="1" failures="0" timestamp="2022-01-07T00:49:33 IST" time="0.010" errors="0">
  <testcase name="format_Date" time="0.010" classname="utilities.DateFormatter"/>
  <system-out/>
</testsuite> <!-- utilities.DateFormatter -->
