<?xml version="1.0" encoding="UTF-8"?>
<!-- Generated by org.testng.reporters.JUnitReportReporter -->
<testsuite skipped="0" hostname="RaushanLaptop" name="testCases.TC_002_ViewTimesheet" tests="1" failures="0" timestamp="2022-01-10T13:06:29 IST" time="96.669" errors="0">
  <testcase name="view_Timesheet" time="96.669" classname="testCases.TC_002_ViewTimesheet"/>
  <system-out/>
</testsuite> <!-- testCases.TC_002_ViewTimesheet -->
